[2026-03-09 15:17:13] Iniciando automação. URL de autenticação: https://sso.cloud.pje.jus.br/auth/realms/pje/protocol/openid-connect/auth?response_type=code&client_id=pje-trf1-1g&redirect_uri=https%3A%2F%2Fpje1g.trf1.jus.br%2Fpje%2Flogin.seam&state=54cf8d8f-d065-47ad-8646-fc66deeacaab&login=true&scope=openid
[2026-03-09 15:17:13] Modo debug: ativo
Perfil do Firefox de debug aparenta estar em uso. Tentando reaproveitar sessão existente via perfil/storage_state.
Não foi possível abrir novo contexto persistente porque o perfil está em uso. Reutilizando storage_state salvo no modo debug.
Estado de sessão debug detectado em: .playwright-debug-storage-state.json
Cookies já presentes no contexto debug persistente.
[2026-03-09 15:17:15] REQUEST GET https://pje1g.trf1.jus.br/pje/Processo/ConsultaProcesso/listView.seam
[2026-03-09 15:17:16] RESPONSE 200 GET https://pje1g.trf1.jus.br/pje/Processo/ConsultaProcesso/listView.seam
[2026-03-09 15:17:16] NAVIGATED: https://pje1g.trf1.jus.br/pje/Processo/ConsultaProcesso/listView.seam
[2026-03-09 15:17:17] REQUEST GET https://pje1g.trf1.jus.br/pje/a4j/g/3_3_3.Finalorg/richfaces/renderkit/html/images/spacer.gif
[2026-03-09 15:17:17] REQUEST GET https://pje1g.trf1.jus.br/pje/a4j/g/3_3_3.Finalorg/richfaces/renderkit/html/images/spacer.gif
[2026-03-09 15:17:17] RESPONSE 200 GET https://pje1g.trf1.jus.br/pje/a4j/g/3_3_3.Finalorg/richfaces/renderkit/html/images/spacer.gif
[2026-03-09 15:17:17] RESPONSE 200 GET https://pje1g.trf1.jus.br/pje/a4j/g/3_3_3.Finalorg/richfaces/renderkit/html/images/spacer.gif
[2026-03-09 15:17:17] REQUEST POST https://pje1g.trf1.jus.br/pje/Processo/ConsultaProcesso/listView.seam
[2026-03-09 15:17:17] NAVIGATED: https://pje1g.trf1.jus.br/pje/a4j/g/3_3_3.Finalorg/richfaces/renderkit/html/images/spacer.gif
[2026-03-09 15:17:17] NAVIGATED: https://pje1g.trf1.jus.br/pje/a4j/g/3_3_3.Finalorg/richfaces/renderkit/html/images/spacer.gif
[2026-03-09 15:17:17] RESPONSE 200 POST https://pje1g.trf1.jus.br/pje/Processo/ConsultaProcesso/listView.seam
[2026-03-09 15:17:17] Sessão válida detectada por cookies/perfil. Pulando etapa de login/OTP.
[2026-03-09 15:17:18] Tentativa 1/3 de ir para tela de consulta: https://pje1g.trf1.jus.br/pje/Processo/ConsultaProcesso/listView.seam
[2026-03-09 15:17:18] REQUEST GET https://pje1g.trf1.jus.br/pje/Processo/ConsultaProcesso/listView.seam
[2026-03-09 15:17:20] RESPONSE 200 GET https://pje1g.trf1.jus.br/pje/Processo/ConsultaProcesso/listView.seam
[2026-03-09 15:17:20] NAVIGATED: https://pje1g.trf1.jus.br/pje/Processo/ConsultaProcesso/listView.seam
[2026-03-09 15:17:20] REQUEST GET https://pje1g.trf1.jus.br/pje/a4j/g/3_3_3.Finalorg/richfaces/renderkit/html/images/spacer.gif
[2026-03-09 15:17:20] RESPONSE 200 GET https://pje1g.trf1.jus.br/pje/a4j/g/3_3_3.Finalorg/richfaces/renderkit/html/images/spacer.gif
[2026-03-09 15:17:20] REQUEST GET https://pje1g.trf1.jus.br/pje/a4j/g/3_3_3.Finalorg/richfaces/renderkit/html/images/spacer.gif
[2026-03-09 15:17:20] RESPONSE 200 GET https://pje1g.trf1.jus.br/pje/a4j/g/3_3_3.Finalorg/richfaces/renderkit/html/images/spacer.gif
[2026-03-09 15:17:20] REQUEST POST https://pje1g.trf1.jus.br/pje/Processo/ConsultaProcesso/listView.seam
[2026-03-09 15:17:20] NAVIGATED: https://pje1g.trf1.jus.br/pje/a4j/g/3_3_3.Finalorg/richfaces/renderkit/html/images/spacer.gif
[2026-03-09 15:17:20] NAVIGATED: https://pje1g.trf1.jus.br/pje/a4j/g/3_3_3.Finalorg/richfaces/renderkit/html/images/spacer.gif
[2026-03-09 15:17:20] Tela de consulta pronta. URL final: https://pje1g.trf1.jus.br/pje/Processo/ConsultaProcesso/listView.seam
[2026-03-09 15:17:20] RESPONSE 200 POST https://pje1g.trf1.jus.br/pje/Processo/ConsultaProcesso/listView.seam
Preenchendo campos do número do processo:
  sequencial=1000237, dv=96, ano=2026, ramo=4, tribunal=01, orgao=3700
Disparando consulta (fPP:searchProcessos) e aguardando resposta AJAX...
[2026-03-09 15:17:23] REQUEST POST https://pje1g.trf1.jus.br/pje/Processo/ConsultaProcesso/listView.seam
[2026-03-09 15:17:23] RESPONSE 200 POST https://pje1g.trf1.jus.br/pje/Processo/ConsultaProcesso/listView.seam
[2026-03-09 15:17:43] Tentativa 1 de disparar pesquisa sem resposta AJAX esperada.
[2026-03-09 15:17:45] REQUEST POST https://pje1g.trf1.jus.br/pje/Processo/ConsultaProcesso/listView.seam
[2026-03-09 15:17:45] RESPONSE 200 POST https://pje1g.trf1.jus.br/pje/Processo/ConsultaProcesso/listView.seam
[2026-03-09 15:17:55] REQUEST POST https://pje1g.trf1.jus.br/pje/Processo/ConsultaProcesso/listView.seam
[2026-03-09 15:17:55] RESPONSE 200 POST https://pje1g.trf1.jus.br/pje/Processo/ConsultaProcesso/listView.seam
[2026-03-09 15:18:05] Tentativa 2 de disparar pesquisa sem resposta AJAX esperada.
Não foi possível capturar a resposta AJAX esperada dentro do tempo limite. Continuando com fallback baseado no DOM atual.
Resposta de consulta capturada com status: fallback-dom
Resposta salva em: ajax_response_dump.txt
Trecho da resposta (primeiros 500 caracteres):
<!DOCTYPE html PUBLIC "-//W3C//DTD XHTML 1.0 Transitional//EN" "http://www.w3.org/TR/xhtml1/DTD/xhtml1-transitional.dtd"><html xmlns="http://www.w3.org/1999/xhtml" style="" class=" js csstransforms3d"><head>
	
	<title>Consulta processos · Justiça Federal da 1ª Região</title>
	
	
	<script src="/pje/a4j/g/3_3_3.Final/org/ajax4jsf/framework.pack.js" type="text/javascript"></script><script src="/pje/a4j/g/3_3_3.Final/org/richfaces/ui.pack.js" type="text/javascript"></script><link class="component" h
Abrindo processo encontrado: 1000237-96.2026.4.01.3700
[2026-03-09 15:18:05] REQUEST POST https://pje1g.trf1.jus.br/pje/Processo/ConsultaProcesso/listView.seam
[2026-03-09 15:18:05] RESPONSE 200 POST https://pje1g.trf1.jus.br/pje/Processo/ConsultaProcesso/listView.seam
Dialog detectado: Conforme a Resolução CNJ n.º 121 e o PCA 0000547-84.2011.2.00.0000, o acesso aos autos de processo de que o advogado/pro...
Solicitando download do PDF dos autos (tentativa 1)...
Dialog detectado: Confirma o download dos autos do processo? Essa operação pode demorar alguns minutos....
Download concluído: processos_baixados\1000237-96.2026.4.01.3700.pdf
[2026-03-09 15:18:17] Arquivo final salvo em: processos_baixados\1000237-96.2026.4.01.3700.pdf
Estado de sessão debug salvo em: .playwright-debug-storage-state.json
[2026-03-09 15:18:17] Modo debug ativo: mantendo Firefox aberto para preservar sessão. Use Ctrl+C para encerrar sem stack trace.
[2026-03-09 15:18:50] REQUEST POST https://pje1g.trf1.jus.br/pje/Processo/ConsultaProcesso/listView.seam
[2026-03-09 15:18:50] RESPONSE 200 POST https://pje1g.trf1.jus.br/pje/Processo/ConsultaProcesso/listView.seam
[2026-03-09 15:19:25] REQUEST POST https://pje1g.trf1.jus.br/pje/Processo/ConsultaProcesso/listView.seam
[2026-03-09 15:19:25] RESPONSE 200 POST https://pje1g.trf1.jus.br/pje/Processo/ConsultaProcesso/listView.seam
Dialog detectado: Confirma o download dos autos do processo? Essa operação pode demorar alguns minutos....
[2026-03-09 15:20:18] Encerrando modo debug por solicitação do usuário.
[2026-03-09 15:20:18] Modo debug ativo: pulando fechamento automático do navegador/contexto.
playwright._impl._errors.TargetClosedError: Target page, context or browser has been closed
[2026-03-09 15:20:55] REQUEST POST https://pje1g.trf1.jus.br/pje/Processo/ConsultaProcesso/listView.seam
[2026-03-09 15:20:55] RESPONSE 200 POST https://pje1g.trf1.jus.br/pje/Processo/ConsultaProcesso/listView.seam
[2026-03-09 15:22:25] REQUEST POST https://pje1g.trf1.jus.br/pje/Processo/ConsultaProcesso/listView.seam
[2026-03-09 15:22:26] RESPONSE 200 POST https://pje1g.trf1.jus.br/pje/Processo/ConsultaProcesso/listView.seam
[2026-03-09 15:23:56] REQUEST POST https://pje1g.trf1.jus.br/pje/Processo/ConsultaProcesso/listView.seam
[2026-03-09 15:23:56] RESPONSE 200 POST https://pje1g.trf1.jus.br/pje/Processo/ConsultaProcesso/listView.seam
[2026-03-09 15:25:35] REQUEST POST https://pje1g.trf1.jus.br/pje/Processo/ConsultaProcesso/listView.seam
[2026-03-09 15:25:35] RESPONSE 200 POST https://pje1g.trf1.jus.br/pje/Processo/ConsultaProcesso/listView.seam
[2026-03-09 15:27:05] REQUEST POST https://pje1g.trf1.jus.br/pje/Processo/ConsultaProcesso/listView.seam
[2026-03-09 15:27:05] RESPONSE 200 POST https://pje1g.trf1.jus.br/pje/Processo/ConsultaProcesso/listView.seam
[2026-03-09 15:28:35] REQUEST POST https://pje1g.trf1.jus.br/pje/Processo/ConsultaProcesso/listView.seam
[2026-03-09 15:28:35] RESPONSE 200 POST https://pje1g.trf1.jus.br/pje/Processo/ConsultaProcesso/listView.seam
[2026-03-09 15:30:15] REQUEST POST https://pje1g.trf1.jus.br/pje/Processo/ConsultaProcesso/listView.seam
[2026-03-09 15:30:15] RESPONSE 200 POST https://pje1g.trf1.jus.br/pje/Processo/ConsultaProcesso/listView.seam
[2026-03-09 15:31:45] REQUEST POST https://pje1g.trf1.jus.br/pje/Processo/ConsultaProcesso/listView.seam
[2026-03-09 15:31:46] RESPONSE 200 POST https://pje1g.trf1.jus.br/pje/Processo/ConsultaProcesso/listView.seam
[2026-03-09 15:33:16] REQUEST POST https://pje1g.trf1.jus.br/pje/Processo/ConsultaProcesso/listView.seam
[2026-03-09 15:33:16] RESPONSE 200 POST https://pje1g.trf1.jus.br/pje/Processo/ConsultaProcesso/listView.seam
[2026-03-09 15:34:46] REQUEST POST https://pje1g.trf1.jus.br/pje/Processo/ConsultaProcesso/listView.seam
[2026-03-09 15:34:46] RESPONSE 200 POST https://pje1g.trf1.jus.br/pje/Processo/ConsultaProcesso/listView.seam
[2026-03-09 15:36:26] REQUEST POST https://pje1g.trf1.jus.br/pje/Processo/ConsultaProcesso/listView.seam
[2026-03-09 15:36:26] RESPONSE 200 POST https://pje1g.trf1.jus.br/pje/Processo/ConsultaProcesso/listView.seam
